<?xml version="1.0" encoding="UTF-8"?>
<!-- Generated by org.testng.reporters.JUnitXMLReporter -->
<testsuite hostname="dell-PC" ignored="0" name="Default test" tests="3" failures="0" timestamp="26 Jun 2019 08:29:48 GMT" time="0.101" errors="0">
  <testcase name="CreatAccount" time="0.022" classname="XXLT.SampleDemo"/>
  <testcase name="DeleteAcaunnt" time="0.002" classname="XXLT.SampleDemo"/>
  <testcase name="EditAccount" time="0.002" classname="XXLT.SampleDemo"/>
</testsuite> <!-- Default test -->
